<?xml version="1.0" encoding="UTF-8"?>
<testng-results ignored="0" total="1" passed="1" failed="0" skipped="0">
  <reporter-output>
  </reporter-output>
  <suite started-at="2021-05-06T11:08:36Z" name="Default suite" finished-at="2021-05-06T11:10:55Z" duration-ms="138718">
    <groups>
      <group name="cucumber">
        <method signature="AbstractTestNGCucumberTests.feature(cucumber.api.testng.CucumberFeatureWrapper)[pri:0, instance:Runner.TestRunner@1e1a0406]" name="feature" class="cucumber.api.testng.AbstractTestNGCucumberTests"/>
      </group> <!-- cucumber -->
    </groups>
    <test started-at="2021-05-06T11:08:36Z" name="Default test" finished-at="2021-05-06T11:10:55Z" duration-ms="138718">
      <class name="Runner.TestRunner">
        <test-method is-config="true" signature="setUpClass()[pri:0, instance:Runner.TestRunner@1e1a0406]" started-at="2021-05-06T11:08:36Z" name="setUpClass" finished-at="2021-05-06T11:08:38Z" duration-ms="1545" status="PASS">
          <reporter-output>
          </reporter-output>
        </test-method> <!-- setUpClass -->
        <test-method signature="feature(cucumber.api.testng.CucumberFeatureWrapper)[pri:0, instance:Runner.TestRunner@1e1a0406]" started-at="2021-05-06T11:08:38Z" name="feature" description="Runs Cucumber Feature" data-provider="features" finished-at="2021-05-06T11:10:55Z" duration-ms="136614" status="PASS">
          <params>
            <param index="0">
              <value>
                <![CDATA[View Orders]]>
              </value>
            </param>
          </params>
          <reporter-output>
          </reporter-output>
        </test-method> <!-- feature -->
        <test-method is-config="true" signature="tearDownClass()[pri:0, instance:Runner.TestRunner@1e1a0406]" started-at="2021-05-06T11:10:55Z" name="tearDownClass" finished-at="2021-05-06T11:10:55Z" duration-ms="98" status="PASS">
          <reporter-output>
          </reporter-output>
        </test-method> <!-- tearDownClass -->
      </class> <!-- Runner.TestRunner -->
    </test> <!-- Default test -->
  </suite> <!-- Default suite -->
</testng-results>
